Copyright 1986-2022 Xilinx, Inc. All Rights Reserved.
------------------------------------------------------------------------------------
| Tool Version : Vivado v.2022.2 (win64) Build 3671981 Fri Oct 14 05:00:03 MDT 2022
| Date         : Thu Aug  3 07:29:53 2023
| Host         : CLUJ-SPARE-L09 running 64-bit major release  (build 9200)
| Command      : report_timing_summary -file timing_synth.log
| Design       : system_top
| Device       : 7z010-clg400
| Speed File   : -1  PRODUCTION 1.12 2019-11-22
------------------------------------------------------------------------------------

Timing Summary Report

------------------------------------------------------------------------------------------------
| Timer Settings
| --------------
------------------------------------------------------------------------------------------------

  Enable Multi Corner Analysis               :  Yes
  Enable Pessimism Removal                   :  Yes
  Pessimism Removal Resolution               :  Nearest Common Node
  Enable Input Delay Default Clock           :  No
  Enable Preset / Clear Arcs                 :  No
  Disable Flight Delays                      :  No
  Ignore I/O Paths                           :  No
  Timing Early Launch at Borrowing Latches   :  No
  Borrow Time for Max Delay Exceptions       :  Yes
  Merge Timing Exceptions                    :  Yes

  Corner  Analyze    Analyze    
  Name    Max Paths  Min Paths  
  ------  ---------  ---------  
  Slow    Yes        Yes        
  Fast    Yes        Yes        


------------------------------------------------------------------------------------------------
| Report Methodology
| ------------------
------------------------------------------------------------------------------------------------

No report available as report_methodology has not been run prior. Run report_methodology on the current design for the summary of methodology violations.



check_timing report

Table of Contents
-----------------
1. checking no_clock (1389)
2. checking constant_clock (0)
3. checking pulse_width_clock (0)
4. checking unconstrained_internal_endpoints (2181)
5. checking no_input_delay (0)
6. checking no_output_delay (4)
7. checking multiple_clock (0)
8. checking generated_clocks (0)
9. checking loops (0)
10. checking partial_input_delay (0)
11. checking partial_output_delay (0)
12. checking latch_loops (0)

1. checking no_clock (1389)
---------------------------
 There are 1389 register/latch pins with no clock driven by root clock pin: dbg_hub/sl_iport0_o[1] (HIGH)


2. checking constant_clock (0)
------------------------------
 There are 0 register/latch pins with constant_clock.


3. checking pulse_width_clock (0)
---------------------------------
 There are 0 register/latch pins which need pulse_width check


4. checking unconstrained_internal_endpoints (2181)
---------------------------------------------------
 There are 2181 pins that are not constrained for maximum delay. (HIGH)

 There are 0 pins that are not constrained for maximum delay due to constant clock.


5. checking no_input_delay (0)
------------------------------
 There are 0 input ports with no input delay specified.

 There are 0 input ports with no input delay but user has a false path constraint.


6. checking no_output_delay (4)
-------------------------------
 There are 4 ports with no output delay specified. (HIGH)

 There are 0 ports with no output delay but user has a false path constraint

 There are 0 ports with no output delay but with a timing clock defined on it or propagating through it


7. checking multiple_clock (0)
------------------------------
 There are 0 register/latch pins with multiple clocks.


8. checking generated_clocks (0)
--------------------------------
 There are 0 generated clocks that are not connected to a clock source.


9. checking loops (0)
---------------------
 There are 0 combinational loops in the design.


10. checking partial_input_delay (0)
------------------------------------
 There are 0 input ports with partial input delay specified.


11. checking partial_output_delay (0)
-------------------------------------
 There are 0 ports with partial output delay specified.


12. checking latch_loops (0)
----------------------------
 There are 0 combinational latch loops in the design through latch input



------------------------------------------------------------------------------------------------
| Design Timing Summary
| ---------------------
------------------------------------------------------------------------------------------------

    WNS(ns)      TNS(ns)  TNS Failing Endpoints  TNS Total Endpoints      WHS(ns)      THS(ns)  THS Failing Endpoints  THS Total Endpoints     WPWS(ns)     TPWS(ns)  TPWS Failing Endpoints  TPWS Total Endpoints  
    -------      -------  ---------------------  -------------------      -------      -------  ---------------------  -------------------     --------     --------  ----------------------  --------------------  
      4.450        0.000                      0                 5120        0.007        0.000                      0                 5120        4.020        0.000                       0                  2436  


All user specified timing constraints are met.


------------------------------------------------------------------------------------------------
| Clock Summary
| -------------
------------------------------------------------------------------------------------------------

Clock       Waveform(ns)         Period(ns)      Frequency(MHz)
-----       ------------         ----------      --------------
clk_fpga_0  {0.000 5.000}        10.000          100.000         
clk_fpga_1  {0.000 3.749}        7.499           133.351         
clk_fpga_2  {0.000 2.500}        5.000           200.000         


------------------------------------------------------------------------------------------------
| Intra Clock Table
| -----------------
------------------------------------------------------------------------------------------------

Clock             WNS(ns)      TNS(ns)  TNS Failing Endpoints  TNS Total Endpoints      WHS(ns)      THS(ns)  THS Failing Endpoints  THS Total Endpoints     WPWS(ns)     TPWS(ns)  TPWS Failing Endpoints  TPWS Total Endpoints  
-----             -------      -------  ---------------------  -------------------      -------      -------  ---------------------  -------------------     --------     --------  ----------------------  --------------------  
clk_fpga_0          4.450        0.000                      0                 5022        0.007        0.000                      0                 5022        4.020        0.000                       0                  2436  


------------------------------------------------------------------------------------------------
| Inter Clock Table
| -----------------
------------------------------------------------------------------------------------------------

From Clock    To Clock          WNS(ns)      TNS(ns)  TNS Failing Endpoints  TNS Total Endpoints      WHS(ns)      THS(ns)  THS Failing Endpoints  THS Total Endpoints  
----------    --------          -------      -------  ---------------------  -------------------      -------      -------  ---------------------  -------------------  


------------------------------------------------------------------------------------------------
| Other Path Groups Table
| -----------------------
------------------------------------------------------------------------------------------------

Path Group         From Clock         To Clock               WNS(ns)      TNS(ns)  TNS Failing Endpoints  TNS Total Endpoints      WHS(ns)      THS(ns)  THS Failing Endpoints  THS Total Endpoints  
----------         ----------         --------               -------      -------  ---------------------  -------------------      -------      -------  ---------------------  -------------------  
**async_default**  clk_fpga_0         clk_fpga_0               7.280        0.000                      0                   98        0.720        0.000                      0                   98  


------------------------------------------------------------------------------------------------
| Timing Details
| --------------
------------------------------------------------------------------------------------------------


---------------------------------------------------------------------------------------------------
From Clock:  clk_fpga_0
  To Clock:  clk_fpga_0

Setup :            0  Failing Endpoints,  Worst Slack        4.450ns,  Total Violation        0.000ns
Hold  :            0  Failing Endpoints,  Worst Slack        0.007ns,  Total Violation        0.000ns
PW    :            0  Failing Endpoints,  Worst Slack        4.020ns,  Total Violation        0.000ns
---------------------------------------------------------------------------------------------------


Max Delay Paths
--------------------------------------------------------------------------------------
Slack (MET) :             4.450ns  (required time - arrival time)
  Source:                 i_system_wrapper/system_i/axi_cpu_interconnect/s00_couplers/auto_pc/inst/gen_axilite.gen_b2s_conv.axilite_b2s/WR.aw_channel_0/cmd_translator_0/s_axburst_eq1_reg/C
                            (rising edge-triggered cell FDRE clocked by clk_fpga_0  {rise@0.000ns fall@5.000ns period=10.000ns})
  Destination:            i_system_wrapper/system_i/axi_cpu_interconnect/s00_couplers/auto_pc/inst/gen_axilite.gen_b2s_conv.axilite_b2s/WR.aw_channel_0/cmd_translator_0/incr_cmd_0/axaddr_incr_reg[11]/D
                            (rising edge-triggered cell FDRE clocked by clk_fpga_0  {rise@0.000ns fall@5.000ns period=10.000ns})
  Path Group:             clk_fpga_0
  Path Type:              Setup (Max at Slow Process Corner)
  Requirement:            10.000ns  (clk_fpga_0 rise@10.000ns - clk_fpga_0 rise@0.000ns)
  Data Path Delay:        5.280ns  (logic 2.423ns (45.890%)  route 2.857ns (54.110%))
  Logic Levels:           8  (CARRY4=3 LUT3=3 LUT4=1 LUT6=1)
  Clock Path Skew:        -0.145ns (DCD - SCD + CPR)
    Destination Clock Delay (DCD):    1.505ns = ( 11.505 - 10.000 ) 
    Source Clock Delay      (SCD):    1.700ns
    Clock Pessimism Removal (CPR):    0.050ns
  Clock Uncertainty:      0.154ns  ((TSJ^2 + TIJ^2)^1/2 + DJ) / 2 + PE
    Total System Jitter     (TSJ):    0.071ns
    Total Input Jitter      (TIJ):    0.300ns
    Discrete Jitter          (DJ):    0.000ns
    Phase Error              (PE):    0.000ns

    Location             Delay type                Incr(ns)  Path(ns)    Netlist Resource(s)
  -------------------------------------------------------------------    -------------------
                         (clock clk_fpga_0 rise edge)
                                                      0.000     0.000 r  
    PS7_X0Y0             PS7                          0.000     0.000 r  i_system_wrapper/system_i/sys_ps7/inst/PS7_i/FCLKCLK[0]
                         net (fo=1, unplaced)         0.800     0.800    i_system_wrapper/system_i/sys_ps7/inst/FCLK_CLK_unbuffered[0]
                         BUFG (Prop_bufg_I_O)         0.101     0.901 r  i_system_wrapper/system_i/sys_ps7/inst/buffer_fclk_clk_0.FCLK_CLK_0_BUFG/O
                         net (fo=2437, unplaced)      0.800     1.700    i_system_wrapper/system_i/axi_cpu_interconnect/s00_couplers/auto_pc/inst/gen_axilite.gen_b2s_conv.axilite_b2s/WR.aw_channel_0/cmd_translator_0/aclk
                         FDRE                                         r  i_system_wrapper/system_i/axi_cpu_interconnect/s00_couplers/auto_pc/inst/gen_axilite.gen_b2s_conv.axilite_b2s/WR.aw_channel_0/cmd_translator_0/s_axburst_eq1_reg/C
  -------------------------------------------------------------------    -------------------
                         FDRE (Prop_fdre_C_Q)         0.456     2.156 f  i_system_wrapper/system_i/axi_cpu_interconnect/s00_couplers/auto_pc/inst/gen_axilite.gen_b2s_conv.axilite_b2s/WR.aw_channel_0/cmd_translator_0/s_axburst_eq1_reg/Q
                         net (fo=1, unplaced)         0.741     2.897    i_system_wrapper/system_i/axi_cpu_interconnect/s00_couplers/auto_pc/inst/gen_axilite.gen_b2s_conv.axilite_b2s/WR.aw_channel_0/cmd_translator_0/s_axburst_eq1
                         LUT3 (Prop_lut3_I0_O)        0.295     3.192 f  i_system_wrapper/system_i/axi_cpu_interconnect/s00_couplers/auto_pc/inst/gen_axilite.gen_b2s_conv.axilite_b2s/WR.aw_channel_0/cmd_translator_0/FSM_sequential_state[1]_i_2/O
                         net (fo=3, unplaced)         0.467     3.659    i_system_wrapper/system_i/axi_cpu_interconnect/s00_couplers/auto_pc/inst/gen_axilite.gen_b2s_conv.axilite_b2s/WR.aw_channel_0/aw_cmd_fsm_0/FSM_sequential_state_reg[1]_0
                         LUT6 (Prop_lut6_I3_O)        0.124     3.783 r  i_system_wrapper/system_i/axi_cpu_interconnect/s00_couplers/auto_pc/inst/gen_axilite.gen_b2s_conv.axilite_b2s/WR.aw_channel_0/aw_cmd_fsm_0/memory_reg[3][0]_srl4_i_1/O
                         net (fo=30, unplaced)        0.519     4.302    i_system_wrapper/system_i/axi_cpu_interconnect/s00_couplers/auto_pc/inst/gen_axilite.gen_b2s_conv.axilite_b2s/WR.aw_channel_0/aw_cmd_fsm_0/m_axi_awready_0
                         LUT3 (Prop_lut3_I2_O)        0.124     4.426 r  i_system_wrapper/system_i/axi_cpu_interconnect/s00_couplers/auto_pc/inst/gen_axilite.gen_b2s_conv.axilite_b2s/WR.aw_channel_0/aw_cmd_fsm_0/next_pending_r_i_3/O
                         net (fo=23, unplaced)        0.512     4.938    i_system_wrapper/system_i/axi_cpu_interconnect/s00_couplers/auto_pc/inst/gen_axilite.gen_b2s_conv.axilite_b2s/WR.aw_channel_0/cmd_translator_0/incr_cmd_0/next
                         LUT4 (Prop_lut4_I3_O)        0.124     5.062 r  i_system_wrapper/system_i/axi_cpu_interconnect/s00_couplers/auto_pc/inst/gen_axilite.gen_b2s_conv.axilite_b2s/WR.aw_channel_0/cmd_translator_0/incr_cmd_0/axaddr_incr[3]_i_9/O
                         net (fo=1, unplaced)         0.000     5.062    i_system_wrapper/system_i/axi_cpu_interconnect/s00_couplers/auto_pc/inst/gen_axilite.gen_b2s_conv.axilite_b2s/SI_REG/aw.aw_pipe/axaddr_incr_reg[3][1]
                         CARRY4 (Prop_carry4_S[1]_CO[3])
                                                      0.550     5.612 r  i_system_wrapper/system_i/axi_cpu_interconnect/s00_couplers/auto_pc/inst/gen_axilite.gen_b2s_conv.axilite_b2s/SI_REG/aw.aw_pipe/axaddr_incr_reg[3]_i_2/CO[3]
                         net (fo=1, unplaced)         0.000     5.612    i_system_wrapper/system_i/axi_cpu_interconnect/s00_couplers/auto_pc/inst/gen_axilite.gen_b2s_conv.axilite_b2s/SI_REG/aw.aw_pipe/axaddr_incr_reg[3]_i_2_n_0
                         CARRY4 (Prop_carry4_CI_CO[3])
                                                      0.114     5.726 r  i_system_wrapper/system_i/axi_cpu_interconnect/s00_couplers/auto_pc/inst/gen_axilite.gen_b2s_conv.axilite_b2s/SI_REG/aw.aw_pipe/axaddr_incr_reg[7]_i_2/CO[3]
                         net (fo=1, unplaced)         0.000     5.726    i_system_wrapper/system_i/axi_cpu_interconnect/s00_couplers/auto_pc/inst/gen_axilite.gen_b2s_conv.axilite_b2s/SI_REG/aw.aw_pipe/axaddr_incr_reg[7]_i_2_n_0
                         CARRY4 (Prop_carry4_CI_O[3])
                                                      0.329     6.055 r  i_system_wrapper/system_i/axi_cpu_interconnect/s00_couplers/auto_pc/inst/gen_axilite.gen_b2s_conv.axilite_b2s/SI_REG/aw.aw_pipe/axaddr_incr_reg[11]_i_3/O[3]
                         net (fo=1, unplaced)         0.618     6.673    i_system_wrapper/system_i/axi_cpu_interconnect/s00_couplers/auto_pc/inst/gen_axilite.gen_b2s_conv.axilite_b2s/WR.aw_channel_0/cmd_translator_0/incr_cmd_0/axaddr_incr[11]
                         LUT3 (Prop_lut3_I0_O)        0.307     6.980 r  i_system_wrapper/system_i/axi_cpu_interconnect/s00_couplers/auto_pc/inst/gen_axilite.gen_b2s_conv.axilite_b2s/WR.aw_channel_0/cmd_translator_0/incr_cmd_0/axaddr_incr[11]_i_2/O
                         net (fo=1, unplaced)         0.000     6.980    i_system_wrapper/system_i/axi_cpu_interconnect/s00_couplers/auto_pc/inst/gen_axilite.gen_b2s_conv.axilite_b2s/WR.aw_channel_0/cmd_translator_0/incr_cmd_0/p_1_in[11]
                         FDRE                                         r  i_system_wrapper/system_i/axi_cpu_interconnect/s00_couplers/auto_pc/inst/gen_axilite.gen_b2s_conv.axilite_b2s/WR.aw_channel_0/cmd_translator_0/incr_cmd_0/axaddr_incr_reg[11]/D
  -------------------------------------------------------------------    -------------------

                         (clock clk_fpga_0 rise edge)
                                                     10.000    10.000 r  
    PS7_X0Y0             PS7                          0.000    10.000 r  i_system_wrapper/system_i/sys_ps7/inst/PS7_i/FCLKCLK[0]
                         net (fo=1, unplaced)         0.760    10.760    i_system_wrapper/system_i/sys_ps7/inst/FCLK_CLK_unbuffered[0]
                         BUFG (Prop_bufg_I_O)         0.091    10.851 r  i_system_wrapper/system_i/sys_ps7/inst/buffer_fclk_clk_0.FCLK_CLK_0_BUFG/O
                         net (fo=2437, unplaced)      0.655    11.505    i_system_wrapper/system_i/axi_cpu_interconnect/s00_couplers/auto_pc/inst/gen_axilite.gen_b2s_conv.axilite_b2s/WR.aw_channel_0/cmd_translator_0/incr_cmd_0/aclk
                         FDRE                                         r  i_system_wrapper/system_i/axi_cpu_interconnect/s00_couplers/auto_pc/inst/gen_axilite.gen_b2s_conv.axilite_b2s/WR.aw_channel_0/cmd_translator_0/incr_cmd_0/axaddr_incr_reg[11]/C
                         clock pessimism              0.050    11.555    
                         clock uncertainty           -0.154    11.401    
                         FDRE (Setup_fdre_C_D)        0.029    11.430    i_system_wrapper/system_i/axi_cpu_interconnect/s00_couplers/auto_pc/inst/gen_axilite.gen_b2s_conv.axilite_b2s/WR.aw_channel_0/cmd_translator_0/incr_cmd_0/axaddr_incr_reg[11]
  -------------------------------------------------------------------
                         required time                         11.430    
                         arrival time                          -6.980    
  -------------------------------------------------------------------
                         slack                                  4.450    





Min Delay Paths
--------------------------------------------------------------------------------------
Slack (MET) :             0.007ns  (arrival time - required time)
  Source:                 i_system_wrapper/system_i/axi_pwm_led_generator/inst/axi_pwm_custom_channel_0/i_xfer_cntrl/d_xfer_toggle_m1_reg/C
                            (rising edge-triggered cell FDCE clocked by clk_fpga_0  {rise@0.000ns fall@5.000ns period=10.000ns})
  Destination:            i_system_wrapper/system_i/axi_pwm_led_generator/inst/axi_pwm_custom_channel_0/i_xfer_cntrl/d_xfer_toggle_m2_reg/D
                            (rising edge-triggered cell FDCE clocked by clk_fpga_0  {rise@0.000ns fall@5.000ns period=10.000ns})
  Path Group:             clk_fpga_0
  Path Type:              Hold (Min at Fast Process Corner)
  Requirement:            0.000ns  (clk_fpga_0 rise@0.000ns - clk_fpga_0 rise@0.000ns)
  Data Path Delay:        0.222ns  (logic 0.141ns (63.533%)  route 0.081ns (36.467%))
  Logic Levels:           0  
  Clock Path Skew:        0.145ns (DCD - SCD - CPR)
    Destination Clock Delay (DCD):    0.739ns
    Source Clock Delay      (SCD):    0.573ns
    Clock Pessimism Removal (CPR):    0.021ns

    Location             Delay type                Incr(ns)  Path(ns)    Netlist Resource(s)
  -------------------------------------------------------------------    -------------------
                         (clock clk_fpga_0 rise edge)
                                                      0.000     0.000 r  
    PS7_X0Y0             PS7                          0.000     0.000 r  i_system_wrapper/system_i/sys_ps7/inst/PS7_i/FCLKCLK[0]
                         net (fo=1, unplaced)         0.337     0.337    i_system_wrapper/system_i/sys_ps7/inst/FCLK_CLK_unbuffered[0]
                         BUFG (Prop_bufg_I_O)         0.026     0.363 r  i_system_wrapper/system_i/sys_ps7/inst/buffer_fclk_clk_0.FCLK_CLK_0_BUFG/O
                         net (fo=2437, unplaced)      0.210     0.573    i_system_wrapper/system_i/axi_pwm_led_generator/inst/axi_pwm_custom_channel_0/i_xfer_cntrl/up_clk
                         FDCE                                         r  i_system_wrapper/system_i/axi_pwm_led_generator/inst/axi_pwm_custom_channel_0/i_xfer_cntrl/d_xfer_toggle_m1_reg/C
  -------------------------------------------------------------------    -------------------
                         FDCE (Prop_fdce_C_Q)         0.141     0.714 r  i_system_wrapper/system_i/axi_pwm_led_generator/inst/axi_pwm_custom_channel_0/i_xfer_cntrl/d_xfer_toggle_m1_reg/Q
                         net (fo=1, unplaced)         0.081     0.795    i_system_wrapper/system_i/axi_pwm_led_generator/inst/axi_pwm_custom_channel_0/i_xfer_cntrl/d_xfer_toggle_m1
                         FDCE                                         r  i_system_wrapper/system_i/axi_pwm_led_generator/inst/axi_pwm_custom_channel_0/i_xfer_cntrl/d_xfer_toggle_m2_reg/D
  -------------------------------------------------------------------    -------------------

                         (clock clk_fpga_0 rise edge)
                                                      0.000     0.000 r  
    PS7_X0Y0             PS7                          0.000     0.000 r  i_system_wrapper/system_i/sys_ps7/inst/PS7_i/FCLKCLK[0]
                         net (fo=1, unplaced)         0.355     0.355    i_system_wrapper/system_i/sys_ps7/inst/FCLK_CLK_unbuffered[0]
                         BUFG (Prop_bufg_I_O)         0.029     0.384 r  i_system_wrapper/system_i/sys_ps7/inst/buffer_fclk_clk_0.FCLK_CLK_0_BUFG/O
                         net (fo=2437, unplaced)      0.355     0.739    i_system_wrapper/system_i/axi_pwm_led_generator/inst/axi_pwm_custom_channel_0/i_xfer_cntrl/up_clk
                         FDCE                                         r  i_system_wrapper/system_i/axi_pwm_led_generator/inst/axi_pwm_custom_channel_0/i_xfer_cntrl/d_xfer_toggle_m2_reg/C
                         clock pessimism             -0.021     0.718    
                         FDCE (Hold_fdce_C_D)         0.070     0.788    i_system_wrapper/system_i/axi_pwm_led_generator/inst/axi_pwm_custom_channel_0/i_xfer_cntrl/d_xfer_toggle_m2_reg
  -------------------------------------------------------------------
                         required time                         -0.788    
                         arrival time                           0.795    
  -------------------------------------------------------------------
                         slack                                  0.007    





Pulse Width Checks
--------------------------------------------------------------------------------------
Clock Name:         clk_fpga_0
Waveform(ns):       { 0.000 5.000 }
Period(ns):         10.000
Sources:            { i_system_wrapper/system_i/sys_ps7/inst/PS7_i/FCLKCLK[0] }

Check Type        Corner  Lib Pin             Reference Pin  Required(ns)  Actual(ns)  Slack(ns)  Location  Pin
Min Period        n/a     RAMB36E1/CLKARDCLK  n/a            2.944         10.000      7.056                i_system_wrapper/system_i/axi_pwm_led_generator/inst/i_ila/inst/ila_core_inst/ila_trace_memory_inst/SUBCORE_RAM_BLK_MEM_1.trace_block_memory/inst_blk_mem_gen/gnbram.gnativebmg.native_blk_mem_gen/valid.cstr/ramloop[0].ram.r/prim_noinit.ram/DEVICE_7SERIES.NO_BMM_INFO.SDP.SIMPLE_PRIM36.ram/CLKARDCLK
Low Pulse Width   Slow    SRLC32E/CLK         n/a            0.980         5.000       4.020                i_system_wrapper/system_i/axi_cpu_interconnect/s00_couplers/auto_pc/inst/gen_axilite.gen_b2s_conv.axilite_b2s/RD.r_channel_0/rd_data_fifo_0/memory_reg[31][0]_srl32/CLK
High Pulse Width  Slow    SRLC32E/CLK         n/a            0.980         5.000       4.020                i_system_wrapper/system_i/axi_cpu_interconnect/s00_couplers/auto_pc/inst/gen_axilite.gen_b2s_conv.axilite_b2s/RD.r_channel_0/rd_data_fifo_0/memory_reg[31][0]_srl32/CLK



---------------------------------------------------------------------------------------------------
Path Group:  **async_default**
From Clock:  clk_fpga_0
  To Clock:  clk_fpga_0

Setup :            0  Failing Endpoints,  Worst Slack        7.280ns,  Total Violation        0.000ns
Hold  :            0  Failing Endpoints,  Worst Slack        0.720ns,  Total Violation        0.000ns
---------------------------------------------------------------------------------------------------


Max Delay Paths
--------------------------------------------------------------------------------------
Slack (MET) :             7.280ns  (required time - arrival time)
  Source:                 i_system_wrapper/system_i/sys_rstgen/U0/ACTIVE_LOW_PR_OUT_DFF[0].FDRE_PER_N/C
                            (rising edge-triggered cell FDRE clocked by clk_fpga_0  {rise@0.000ns fall@5.000ns period=10.000ns})
  Destination:            i_system_wrapper/system_i/axi_pwm_led_generator/inst/axi_pwm_custom_channel_0/i_xfer_cntrl/d_data_cntrl_int_reg[0]/CLR
                            (recovery check against rising-edge clock clk_fpga_0  {rise@0.000ns fall@5.000ns period=10.000ns})
  Path Group:             **async_default**
  Path Type:              Recovery (Max at Slow Process Corner)
  Requirement:            10.000ns  (clk_fpga_0 rise@10.000ns - clk_fpga_0 rise@0.000ns)
  Data Path Delay:        2.012ns  (logic 0.751ns (37.326%)  route 1.261ns (62.674%))
  Logic Levels:           1  (LUT1=1)
  Clock Path Skew:        -0.145ns (DCD - SCD + CPR)
    Destination Clock Delay (DCD):    1.505ns = ( 11.505 - 10.000 ) 
    Source Clock Delay      (SCD):    1.700ns
    Clock Pessimism Removal (CPR):    0.050ns
  Clock Uncertainty:      0.154ns  ((TSJ^2 + TIJ^2)^1/2 + DJ) / 2 + PE
    Total System Jitter     (TSJ):    0.071ns
    Total Input Jitter      (TIJ):    0.300ns
    Discrete Jitter          (DJ):    0.000ns
    Phase Error              (PE):    0.000ns

    Location             Delay type                Incr(ns)  Path(ns)    Netlist Resource(s)
  -------------------------------------------------------------------    -------------------
                         (clock clk_fpga_0 rise edge)
                                                      0.000     0.000 r  
    PS7_X0Y0             PS7                          0.000     0.000 r  i_system_wrapper/system_i/sys_ps7/inst/PS7_i/FCLKCLK[0]
                         net (fo=1, unplaced)         0.800     0.800    i_system_wrapper/system_i/sys_ps7/inst/FCLK_CLK_unbuffered[0]
                         BUFG (Prop_bufg_I_O)         0.101     0.901 r  i_system_wrapper/system_i/sys_ps7/inst/buffer_fclk_clk_0.FCLK_CLK_0_BUFG/O
                         net (fo=2437, unplaced)      0.800     1.700    i_system_wrapper/system_i/sys_rstgen/U0/slowest_sync_clk
                         FDRE                                         r  i_system_wrapper/system_i/sys_rstgen/U0/ACTIVE_LOW_PR_OUT_DFF[0].FDRE_PER_N/C
  -------------------------------------------------------------------    -------------------
                         FDRE (Prop_fdre_C_Q)         0.456     2.156 r  i_system_wrapper/system_i/sys_rstgen/U0/ACTIVE_LOW_PR_OUT_DFF[0].FDRE_PER_N/Q
                         net (fo=27, unplaced)        0.378     2.534    i_system_wrapper/system_i/axi_pwm_led_generator/inst/axi_pwm_custom_channel_0/i_xfer_cntrl/up_rstn
                         LUT1 (Prop_lut1_I0_O)        0.295     2.829 f  i_system_wrapper/system_i/axi_pwm_led_generator/inst/axi_pwm_custom_channel_0/i_xfer_cntrl/d_data_cntrl_int[11]_i_2/O
                         net (fo=136, unplaced)       0.883     3.712    i_system_wrapper/system_i/axi_pwm_led_generator/inst/axi_pwm_custom_channel_0/i_xfer_cntrl/SR[0]
                         FDCE                                         f  i_system_wrapper/system_i/axi_pwm_led_generator/inst/axi_pwm_custom_channel_0/i_xfer_cntrl/d_data_cntrl_int_reg[0]/CLR
  -------------------------------------------------------------------    -------------------

                         (clock clk_fpga_0 rise edge)
                                                     10.000    10.000 r  
    PS7_X0Y0             PS7                          0.000    10.000 r  i_system_wrapper/system_i/sys_ps7/inst/PS7_i/FCLKCLK[0]
                         net (fo=1, unplaced)         0.760    10.760    i_system_wrapper/system_i/sys_ps7/inst/FCLK_CLK_unbuffered[0]
                         BUFG (Prop_bufg_I_O)         0.091    10.851 r  i_system_wrapper/system_i/sys_ps7/inst/buffer_fclk_clk_0.FCLK_CLK_0_BUFG/O
                         net (fo=2437, unplaced)      0.655    11.505    i_system_wrapper/system_i/axi_pwm_led_generator/inst/axi_pwm_custom_channel_0/i_xfer_cntrl/up_clk
                         FDCE                                         r  i_system_wrapper/system_i/axi_pwm_led_generator/inst/axi_pwm_custom_channel_0/i_xfer_cntrl/d_data_cntrl_int_reg[0]/C
                         clock pessimism              0.050    11.555    
                         clock uncertainty           -0.154    11.401    
                         FDCE (Recov_fdce_C_CLR)     -0.409    10.992    i_system_wrapper/system_i/axi_pwm_led_generator/inst/axi_pwm_custom_channel_0/i_xfer_cntrl/d_data_cntrl_int_reg[0]
  -------------------------------------------------------------------
                         required time                         10.992    
                         arrival time                          -3.712    
  -------------------------------------------------------------------
                         slack                                  7.280    





Min Delay Paths
--------------------------------------------------------------------------------------
Slack (MET) :             0.720ns  (arrival time - required time)
  Source:                 i_system_wrapper/system_i/sys_rstgen/U0/ACTIVE_LOW_PR_OUT_DFF[0].FDRE_PER_N/C
                            (rising edge-triggered cell FDRE clocked by clk_fpga_0  {rise@0.000ns fall@5.000ns period=10.000ns})
  Destination:            i_system_wrapper/system_i/axi_pwm_led_generator/inst/axi_pwm_custom_channel_0/i_xfer_cntrl/d_data_cntrl_int_reg[0]/CLR
                            (removal check against rising-edge clock clk_fpga_0  {rise@0.000ns fall@5.000ns period=10.000ns})
  Path Group:             **async_default**
  Path Type:              Removal (Min at Fast Process Corner)
  Requirement:            0.000ns  (clk_fpga_0 rise@0.000ns - clk_fpga_0 rise@0.000ns)
  Data Path Delay:        0.771ns  (logic 0.239ns (31.017%)  route 0.532ns (68.983%))
  Logic Levels:           1  (LUT1=1)
  Clock Path Skew:        0.145ns (DCD - SCD - CPR)
    Destination Clock Delay (DCD):    0.739ns
    Source Clock Delay      (SCD):    0.573ns
    Clock Pessimism Removal (CPR):    0.021ns

    Location             Delay type                Incr(ns)  Path(ns)    Netlist Resource(s)
  -------------------------------------------------------------------    -------------------
                         (clock clk_fpga_0 rise edge)
                                                      0.000     0.000 r  
    PS7_X0Y0             PS7                          0.000     0.000 r  i_system_wrapper/system_i/sys_ps7/inst/PS7_i/FCLKCLK[0]
                         net (fo=1, unplaced)         0.337     0.337    i_system_wrapper/system_i/sys_ps7/inst/FCLK_CLK_unbuffered[0]
                         BUFG (Prop_bufg_I_O)         0.026     0.363 r  i_system_wrapper/system_i/sys_ps7/inst/buffer_fclk_clk_0.FCLK_CLK_0_BUFG/O
                         net (fo=2437, unplaced)      0.210     0.573    i_system_wrapper/system_i/sys_rstgen/U0/slowest_sync_clk
                         FDRE                                         r  i_system_wrapper/system_i/sys_rstgen/U0/ACTIVE_LOW_PR_OUT_DFF[0].FDRE_PER_N/C
  -------------------------------------------------------------------    -------------------
                         FDRE (Prop_fdre_C_Q)         0.141     0.714 r  i_system_wrapper/system_i/sys_rstgen/U0/ACTIVE_LOW_PR_OUT_DFF[0].FDRE_PER_N/Q
                         net (fo=27, unplaced)        0.159     0.873    i_system_wrapper/system_i/axi_pwm_led_generator/inst/axi_pwm_custom_channel_0/i_xfer_cntrl/up_rstn
                         LUT1 (Prop_lut1_I0_O)        0.098     0.971 f  i_system_wrapper/system_i/axi_pwm_led_generator/inst/axi_pwm_custom_channel_0/i_xfer_cntrl/d_data_cntrl_int[11]_i_2/O
                         net (fo=136, unplaced)       0.372     1.343    i_system_wrapper/system_i/axi_pwm_led_generator/inst/axi_pwm_custom_channel_0/i_xfer_cntrl/SR[0]
                         FDCE                                         f  i_system_wrapper/system_i/axi_pwm_led_generator/inst/axi_pwm_custom_channel_0/i_xfer_cntrl/d_data_cntrl_int_reg[0]/CLR
  -------------------------------------------------------------------    -------------------

                         (clock clk_fpga_0 rise edge)
                                                      0.000     0.000 r  
    PS7_X0Y0             PS7                          0.000     0.000 r  i_system_wrapper/system_i/sys_ps7/inst/PS7_i/FCLKCLK[0]
                         net (fo=1, unplaced)         0.355     0.355    i_system_wrapper/system_i/sys_ps7/inst/FCLK_CLK_unbuffered[0]
                         BUFG (Prop_bufg_I_O)         0.029     0.384 r  i_system_wrapper/system_i/sys_ps7/inst/buffer_fclk_clk_0.FCLK_CLK_0_BUFG/O
                         net (fo=2437, unplaced)      0.355     0.739    i_system_wrapper/system_i/axi_pwm_led_generator/inst/axi_pwm_custom_channel_0/i_xfer_cntrl/up_clk
                         FDCE                                         r  i_system_wrapper/system_i/axi_pwm_led_generator/inst/axi_pwm_custom_channel_0/i_xfer_cntrl/d_data_cntrl_int_reg[0]/C
                         clock pessimism             -0.021     0.718    
                         FDCE (Remov_fdce_C_CLR)     -0.094     0.624    i_system_wrapper/system_i/axi_pwm_led_generator/inst/axi_pwm_custom_channel_0/i_xfer_cntrl/d_data_cntrl_int_reg[0]
  -------------------------------------------------------------------
                         required time                         -0.624    
                         arrival time                           1.343    
  -------------------------------------------------------------------
                         slack                                  0.720    





