09:50:15 DEBUG : Logs will be stored at 'C:/Internship/HDL/hdl/IDE.log'.
09:50:24 INFO  : Launching XSCT server: xsct.bat -n  -interactive C:\Internship\HDL\hdl\temp_xsdb_launch_script.tcl
09:50:25 INFO  : Registering command handlers for Vitis TCF services
09:50:25 INFO  : Platform repository initialization has completed.
09:50:35 INFO  : XSCT server has started successfully.
09:50:44 INFO  : Successfully done setting XSCT server connection channel  
09:50:44 INFO  : plnx-install-location is set to ''
09:50:44 INFO  : Successfully done query RDI_DATADIR 
09:50:44 INFO  : Successfully done setting workspace for the tool. 
09:52:28 INFO  : Result from executing command 'getProjects': system_top
09:52:28 INFO  : Result from executing command 'getPlatforms': 
09:52:28 WARN  : An unexpected exception occurred in the module 'platform project logging'
09:52:31 INFO  : Platform 'system_top' is added to custom repositories.
09:52:57 INFO  : Platform 'system_top' is added to custom repositories.
10:03:18 INFO  : Result from executing command 'removePlatformRepo': 
10:05:04 INFO  : Result from executing command 'getProjects': system_top
10:05:04 INFO  : Result from executing command 'getPlatforms': 
10:05:09 INFO  : Checking for BSP changes to sync application flags for project 'AD5592R_ILA'...
10:06:36 INFO  : Connected to target on host '127.0.0.1' and port '3121'.
10:06:55 INFO  : ----------------XSDB Script----------------
connect -url tcp:127.0.0.1:3121
----------------End of Script----------------

10:06:55 ERROR : Could not find ARM device on the board for connection 'Local'.
Check if the target is in:
1. Split JTAG - No operations are possible with ARM DAP.
2. Non JTAG bootmode - Bootrom may need time to enable DAP.
Please try again.


Troubleshooting hints:
1. Check whether board is connected to system properly.
2. In case of zynq board, check whether Digilent/Xilinx cable switch settings are correct.
3. If you are using Xilinx Platform Cable USB, ensure that status LED is green.
10:07:18 INFO  : Connected to target on host '127.0.0.1' and port '3121'.
10:07:20 INFO  : Jtag cable 'Digilent Zybo Z7 210351AB72A8A' is selected.
10:07:20 INFO  : 'jtag frequency' command is executed.
10:07:20 INFO  : Context for 'APU' is selected.
10:07:20 INFO  : System reset is completed.
10:07:23 INFO  : 'after 3000' command is executed.
10:07:24 INFO  : 'targets -set -filter {jtag_cable_name =~ "Digilent Zybo Z7 210351AB72A8A" && level==0 && jtag_device_ctx=="jsn-Zybo Z7-210351AB72A8A-13722093-0"}' command is executed.
10:07:26 INFO  : Device configured successfully with "C:/Internship/HDL/hdl/AD5592R_ILA/_ide/bitstream/system_top.bit"
10:07:27 INFO  : Context for 'APU' is selected.
10:07:27 INFO  : Hardware design and registers information is loaded from 'C:/Internship/HDL/hdl/system_top/export/system_top/hw/system_top.xsa'.
10:07:27 INFO  : 'configparams force-mem-access 1' command is executed.
10:07:28 INFO  : Context for 'APU' is selected.
10:07:28 INFO  : Sourcing of 'C:/Internship/HDL/hdl/AD5592R_ILA/_ide/psinit/ps7_init.tcl' is done.
10:07:29 INFO  : 'ps7_init' command is executed.
10:07:29 INFO  : 'ps7_post_config' command is executed.
10:07:29 INFO  : Context for processor 'ps7_cortexa9_0' is selected.
10:07:30 INFO  : The application 'C:/Internship/HDL/hdl/AD5592R_ILA/Debug/AD5592R_ILA.elf' is downloaded to processor 'ps7_cortexa9_0'.
10:07:30 INFO  : 'configparams force-mem-access 0' command is executed.
10:07:30 INFO  : ----------------XSDB Script----------------
connect -url tcp:127.0.0.1:3121
targets -set -nocase -filter {name =~"APU*"}
rst -system
after 3000
targets -set -filter {jtag_cable_name =~ "Digilent Zybo Z7 210351AB72A8A" && level==0 && jtag_device_ctx=="jsn-Zybo Z7-210351AB72A8A-13722093-0"}
fpga -file C:/Internship/HDL/hdl/AD5592R_ILA/_ide/bitstream/system_top.bit
targets -set -nocase -filter {name =~"APU*"}
loadhw -hw C:/Internship/HDL/hdl/system_top/export/system_top/hw/system_top.xsa -mem-ranges [list {0x40000000 0xbfffffff}] -regs
configparams force-mem-access 1
targets -set -nocase -filter {name =~"APU*"}
source C:/Internship/HDL/hdl/AD5592R_ILA/_ide/psinit/ps7_init.tcl
ps7_init
ps7_post_config
targets -set -nocase -filter {name =~ "*A9*#0"}
dow C:/Internship/HDL/hdl/AD5592R_ILA/Debug/AD5592R_ILA.elf
configparams force-mem-access 0
----------------End of Script----------------

10:07:31 INFO  : Context for processor 'ps7_cortexa9_0' is selected.
10:07:31 INFO  : 'con' command is executed.
10:07:31 INFO  : ----------------XSDB Script (After Launch)----------------
targets -set -nocase -filter {name =~ "*A9*#0"}
con
----------------End of Script----------------

10:07:31 INFO  : Disconnected from the channel tcfchan#4.
10:09:08 INFO  : Connected to target on host '127.0.0.1' and port '3121'.
10:09:09 INFO  : Jtag cable 'Digilent Zybo Z7 210351AB72A8A' is selected.
10:09:09 INFO  : 'jtag frequency' command is executed.
10:09:09 INFO  : Context for 'APU' is selected.
10:09:09 INFO  : System reset is completed.
10:09:12 INFO  : 'after 3000' command is executed.
10:09:13 INFO  : 'targets -set -filter {jtag_cable_name =~ "Digilent Zybo Z7 210351AB72A8A" && level==0 && jtag_device_ctx=="jsn-Zybo Z7-210351AB72A8A-13722093-0"}' command is executed.
10:09:14 INFO  : Device configured successfully with "C:/Internship/HDL/hdl/AD5592R_ILA/_ide/bitstream/system_top.bit"
10:09:16 INFO  : Context for 'APU' is selected.
10:09:16 INFO  : Hardware design and registers information is loaded from 'C:/Internship/HDL/hdl/system_top/export/system_top/hw/system_top.xsa'.
10:09:16 INFO  : 'configparams force-mem-access 1' command is executed.
10:09:16 INFO  : Context for 'APU' is selected.
10:09:16 INFO  : Sourcing of 'C:/Internship/HDL/hdl/AD5592R_ILA/_ide/psinit/ps7_init.tcl' is done.
10:09:17 INFO  : 'ps7_init' command is executed.
10:09:17 INFO  : 'ps7_post_config' command is executed.
10:09:18 INFO  : Context for processor 'ps7_cortexa9_0' is selected.
10:09:18 INFO  : The application 'C:/Internship/HDL/hdl/AD5592R_ILA/Debug/AD5592R_ILA.elf' is downloaded to processor 'ps7_cortexa9_0'.
10:09:18 INFO  : 'configparams force-mem-access 0' command is executed.
10:09:18 INFO  : ----------------XSDB Script----------------
connect -url tcp:127.0.0.1:3121
targets -set -nocase -filter {name =~"APU*"}
rst -system
after 3000
targets -set -filter {jtag_cable_name =~ "Digilent Zybo Z7 210351AB72A8A" && level==0 && jtag_device_ctx=="jsn-Zybo Z7-210351AB72A8A-13722093-0"}
fpga -file C:/Internship/HDL/hdl/AD5592R_ILA/_ide/bitstream/system_top.bit
targets -set -nocase -filter {name =~"APU*"}
loadhw -hw C:/Internship/HDL/hdl/system_top/export/system_top/hw/system_top.xsa -mem-ranges [list {0x40000000 0xbfffffff}] -regs
configparams force-mem-access 1
targets -set -nocase -filter {name =~"APU*"}
source C:/Internship/HDL/hdl/AD5592R_ILA/_ide/psinit/ps7_init.tcl
ps7_init
ps7_post_config
targets -set -nocase -filter {name =~ "*A9*#0"}
dow C:/Internship/HDL/hdl/AD5592R_ILA/Debug/AD5592R_ILA.elf
configparams force-mem-access 0
----------------End of Script----------------

10:09:19 INFO  : Context for processor 'ps7_cortexa9_0' is selected.
10:09:19 INFO  : 'con' command is executed.
10:09:19 INFO  : ----------------XSDB Script (After Launch)----------------
targets -set -nocase -filter {name =~ "*A9*#0"}
con
----------------End of Script----------------

10:09:19 INFO  : Disconnected from the channel tcfchan#5.
